<?xml version="1.0" encoding="UTF-8"?>
<!-- Generated by org.testng.reporters.JUnitXMLReporter -->
<testsuite hostname="Govardhan-PC" name="SearchUsedCars" tests="4" failures="0" timestamp="15 Jan 2016 06:45:18 GMT" time="0.017" errors="0">
  <testcase name="searchUsedCars" time="0.001" classname="com.gktech.usedcars.SearchUsedCars"/>
  <testcase name="searchUsedCars" time="0.001" classname="com.gktech.usedcars.SearchUsedCars"/>
  <testcase name="searchUsedCars" time="0.002" classname="com.gktech.usedcars.SearchUsedCars">
    <skipped/>
  </testcase> <!-- searchUsedCars -->
  <testcase name="searchUsedCars" time="0.001" classname="com.gktech.usedcars.SearchUsedCars">
    <skipped/>
  </testcase> <!-- searchUsedCars -->
</testsuite> <!-- SearchUsedCars -->
