<?xml version="1.0" encoding="UTF-8"?>
<!-- Generated by org.testng.reporters.JUnitXMLReporter -->
<testsuite hostname="Govardhan-PC" name="Login" tests="1" failures="0" timestamp="19 Jan 2016 10:24:28 GMT" time="0.016" errors="0">
  <testcase name="@BeforeTest checkTestCaseSkip" time="0.0" classname="com.gktech.newcars.Login">
    <skipped/>
  </testcase> <!-- @BeforeTest checkTestCaseSkip -->
  <testcase name="login" time="0.0" classname="com.gktech.newcars.Login">
    <skipped/>
  </testcase> <!-- login -->
</testsuite> <!-- Login -->
