<?xml version="1.0" encoding="UTF-8"?>
<!-- Generated by org.testng.reporters.JUnitXMLReporter -->
<testsuite hostname="Govardhan-PC" name="Registration" tests="1" failures="0" timestamp="19 Jan 2016 10:24:28 GMT" time="0.001" errors="0">
  <testcase name="@BeforeSuite checkSuiteSkip" time="0.0" classname="com.gktech.newcars.Registration">
    <failure type="java.lang.NullPointerException">
      <![CDATA[java.lang.NullPointerException
	at com.gktech.util.XLS_Reader.getRowCount(XLS_Reader.java:38)
	at com.gktech.util.TestUtil.isSuiteRunnable(TestUtil.java:7)
	at com.gktech.newcars.TestSuiteBase.checkSuiteSkip(TestSuiteBase.java:13)
... Removed 17 stack frames]]>
    </failure>
  </testcase> <!-- @BeforeSuite checkSuiteSkip -->
  <testcase name="@BeforeTest checkTestCaseSkip" time="0.0" classname="com.gktech.newcars.Registration">
    <skipped/>
  </testcase> <!-- @BeforeTest checkTestCaseSkip -->
  <testcase name="registration" time="0.0" classname="com.gktech.newcars.Registration">
    <skipped/>
  </testcase> <!-- registration -->
</testsuite> <!-- Registration -->
