<?xml version="1.0" encoding="UTF-8"?>
<!-- Generated by org.testng.reporters.JUnitXMLReporter -->
<testsuite hostname="Govardhan-PC" name="LocateDealer" tests="4" failures="0" timestamp="15 Jan 2016 06:45:17 GMT" time="0.009" errors="0">
  <testcase name="@BeforeTest checkTestCaseSkip" time="0.0" classname="com.gktech.sellcars.LocateDealer">
    <skipped/>
  </testcase> <!-- @BeforeTest checkTestCaseSkip -->
  <testcase name="locateDealer" time="0.0" classname="com.gktech.sellcars.LocateDealer">
    <skipped/>
  </testcase> <!-- locateDealer -->
  <testcase name="locateDealer" time="0.0" classname="com.gktech.sellcars.LocateDealer">
    <skipped/>
  </testcase> <!-- locateDealer -->
  <testcase name="locateDealer" time="0.0" classname="com.gktech.sellcars.LocateDealer">
    <skipped/>
  </testcase> <!-- locateDealer -->
  <testcase name="locateDealer" time="0.001" classname="com.gktech.sellcars.LocateDealer">
    <skipped/>
  </testcase> <!-- locateDealer -->
</testsuite> <!-- LocateDealer -->
