<?xml version="1.0" encoding="UTF-8"?>
<!-- Generated by org.testng.reporters.JUnitXMLReporter -->
<testsuite hostname="Govardhan-PC" name="SearchCar" tests="1" failures="1" timestamp="15 Jan 2016 06:45:17 GMT" time="0.027" errors="0">
  <testcase name="@BeforeSuite checkSuiteSkip" time="0.0" classname="com.gktech.sellcars.SearchCar">
    <skipped/>
  </testcase> <!-- @BeforeSuite checkSuiteSkip -->
  <testcase name="@BeforeTest checkTestCaseSkip" time="0.0" classname="com.gktech.sellcars.SearchCar">
    <skipped/>
  </testcase> <!-- @BeforeTest checkTestCaseSkip -->
  <testcase name="searchCar" time="0.024" classname="com.gktech.sellcars.SearchCar">
    <failure type="org.testng.TestNGException" message="
The data provider is trying to pass 5 parameters but the method com.gktech.sellcars.SearchCar#searchCar takes 2">
      <![CDATA[org.testng.TestNGException: 
The data provider is trying to pass 5 parameters but the method com.gktech.sellcars.SearchCar#searchCar takes 2
... Removed 19 stack frames]]>
    </failure>
  </testcase> <!-- searchCar -->
</testsuite> <!-- SearchCar -->
